Using pre-set license
Built from '2022.3/staging' branch; Version is '2022.3.17f1 (4fc78088f837) revision 5228416'; Using compiler version '192829333'; Build Type 'Release'
OS: 'Windows 10  (10.0.19045) 64bit Enterprise' Language: 'en' Physical Memory: 16122 MB
BatchMode: 1, IsHumanControllingUs: 0, StartBugReporterOnCrash: 0, Is64bit: 1, IsPro: 1

COMMAND LINE ARGUMENTS:
C:\Program Files\Unity\Hub\Editor\2022.3.17f1\Editor\Unity.exe
-adb2
-batchMode
-noUpm
-name
AssetImportWorker0
-projectPath
C:/Users/earellano29/Documents/GitHub/ButtonBeepGames/KrazyCarts
-logFile
Logs/AssetImportWorker0.log
-srvPort
58808
Successfully changed project path to: C:/Users/earellano29/Documents/GitHub/ButtonBeepGames/KrazyCarts
C:/Users/earellano29/Documents/GitHub/ButtonBeepGames/KrazyCarts
[UnityMemory] Configuration Parameters - Can be set up in boot.config
    "memorysetup-bucket-allocator-granularity=16"
    "memorysetup-bucket-allocator-bucket-count=8"
    "memorysetup-bucket-allocator-block-size=33554432"
    "memorysetup-bucket-allocator-block-count=8"
    "memorysetup-main-allocator-block-size=16777216"
    "memorysetup-thread-allocator-block-size=16777216"
    "memorysetup-gfx-main-allocator-block-size=16777216"
    "memorysetup-gfx-thread-allocator-block-size=16777216"
    "memorysetup-cache-allocator-block-size=4194304"
    "memorysetup-typetree-allocator-block-size=2097152"
    "memorysetup-profiler-bucket-allocator-granularity=16"
    "memorysetup-profiler-bucket-allocator-bucket-count=8"
    "memorysetup-profiler-bucket-allocator-block-size=33554432"
    "memorysetup-profiler-bucket-allocator-block-count=8"
    "memorysetup-profiler-allocator-block-size=16777216"
    "memorysetup-profiler-editor-allocator-block-size=1048576"
    "memorysetup-temp-allocator-size-main=16777216"
    "memorysetup-job-temp-allocator-block-size=2097152"
    "memorysetup-job-temp-allocator-block-size-background=1048576"
    "memorysetup-job-temp-allocator-reduction-small-platforms=262144"
    "memorysetup-allocator-temp-initial-block-size-main=262144"
    "memorysetup-allocator-temp-initial-block-size-worker=262144"
    "memorysetup-temp-allocator-size-background-worker=32768"
    "memorysetup-temp-allocator-size-job-worker=262144"
    "memorysetup-temp-allocator-size-preload-manager=33554432"
    "memorysetup-temp-allocator-size-nav-mesh-worker=65536"
    "memorysetup-temp-allocator-size-audio-worker=65536"
    "memorysetup-temp-allocator-size-cloud-worker=32768"
    "memorysetup-temp-allocator-size-gi-baking-worker=262144"
    "memorysetup-temp-allocator-size-gfx=262144"
Player connection [14528] Host "[IP] 192.168.0.57 [Port] 0 [Flags] 2 [Guid] 1857978050 [EditorId] 1857978050 [Version] 1048832 [Id] WindowsEditor(7,MOBCK-451076) [Debug] 1 [PackageName] WindowsEditor [ProjectName] Editor" joined multi-casting on [225.0.0.222:54997]...

Player connection [14528] Host "[IP] 192.168.0.57 [Port] 0 [Flags] 2 [Guid] 1857978050 [EditorId] 1857978050 [Version] 1048832 [Id] WindowsEditor(7,MOBCK-451076) [Debug] 1 [PackageName] WindowsEditor [ProjectName] Editor" joined alternative multi-casting on [225.0.0.222:34997]...

[Physics::Module] Initialized MultithreadedJobDispatcher with 7 workers.
Refreshing native plugins compatible for Editor in 41.94 ms, found 3 plugins.
Preloading 0 native plugins for Editor in 0.00 ms.
Initialize engine version: 2022.3.17f1 (4fc78088f837)
[Subsystems] Discovering subsystems at path C:/Program Files/Unity/Hub/Editor/2022.3.17f1/Editor/Data/Resources/UnitySubsystems
[Subsystems] Discovering subsystems at path C:/Users/earellano29/Documents/GitHub/ButtonBeepGames/KrazyCarts/Assets
GfxDevice: creating device client; threaded=0; jobified=0
Direct3D:
    Version:  Direct3D 11.0 [level 11.1]
    Renderer: NVIDIA T500 (ID=0x1fbb)
    Vendor:   NVIDIA
    VRAM:     1928 MB
    Driver:   31.0.15.1654
Initialize mono
Mono path[0] = 'C:/Program Files/Unity/Hub/Editor/2022.3.17f1/Editor/Data/Managed'
Mono path[1] = 'C:/Program Files/Unity/Hub/Editor/2022.3.17f1/Editor/Data/MonoBleedingEdge/lib/mono/unityjit-win32'
Mono config path = 'C:/Program Files/Unity/Hub/Editor/2022.3.17f1/Editor/Data/MonoBleedingEdge/etc'
Using monoOptions --debugger-agent=transport=dt_socket,embedding=1,server=y,suspend=n,address=127.0.0.1:56144
Begin MonoManager ReloadAssembly
Registering precompiled unity dll's ...
Register platform support module: C:/Program Files/Unity/Hub/Editor/2022.3.17f1/Editor/Data/PlaybackEngines/WindowsStandaloneSupport/UnityEditor.WindowsStandalone.Extensions.dll
Registered in 0.020518 seconds.
- Loaded All Assemblies, in  0.840 seconds
Native extension for WindowsStandalone target not found
Mono: successfully reloaded assembly
- Finished resetting the current domain, in  0.584 seconds
Domain Reload Profiling: 1415ms
	BeginReloadAssembly (248ms)
		ExecutionOrderSort (0ms)
		DisableScriptedObjects (0ms)
		BackupInstance (0ms)
		ReleaseScriptingObjects (0ms)
		CreateAndSetChildDomain (2ms)
	RebuildCommonClasses (82ms)
	RebuildNativeTypeToScriptingClass (33ms)
	initialDomainReloadingComplete (137ms)
	LoadAllAssembliesAndSetupDomain (329ms)
		LoadAssemblies (243ms)
		RebuildTransferFunctionScriptingTraits (0ms)
		AnalyzeDomain (323ms)
			TypeCache.Refresh (321ms)
				TypeCache.ScanAssembly (285ms)
			ScanForSourceGeneratedMonoScriptInfo (1ms)
			ResolveRequiredComponents (1ms)
	FinalizeReload (585ms)
		ReleaseScriptCaches (0ms)
		RebuildScriptCaches (0ms)
		SetupLoadedEditorAssemblies (443ms)
			LogAssemblyErrors (0ms)
			InitializePlatformSupportModulesInManaged (24ms)
			SetLoadedEditorAssemblies (14ms)
			RefreshPlugins (0ms)
			BeforeProcessingInitializeOnLoad (4ms)
			ProcessInitializeOnLoadAttributes (292ms)
			ProcessInitializeOnLoadMethodAttributes (109ms)
			AfterProcessingInitializeOnLoad (0ms)
			EditorAssembliesLoaded (0ms)
		ExecutionOrderSort2 (0ms)
		AwakeInstancesAfterBackupRestoration (0ms)
========================================================================
Worker process is ready to serve import requests
Begin MonoManager ReloadAssembly
- Loaded All Assemblies, in  1.466 seconds
Refreshing native plugins compatible for Editor in 15.07 ms, found 3 plugins.
Native extension for WindowsStandalone target not found
Package Manager log level set to [2]
[Package Manager] Server::EnsureServerProcessIsRunning -- launch failed, reason: Unity was launched with the -noUpm command-line argument
[Package Manager] UpmClient::Send -- Unable to send message (not connected to UPM process).
[Package Manager] Cannot connect to Unity Package Manager local server
Mono: successfully reloaded assembly
- Finished resetting the current domain, in  1.552 seconds
Domain Reload Profiling: 3009ms
	BeginReloadAssembly (355ms)
		ExecutionOrderSort (0ms)
		DisableScriptedObjects (15ms)
		BackupInstance (0ms)
		ReleaseScriptingObjects (0ms)
		CreateAndSetChildDomain (44ms)
	RebuildCommonClasses (70ms)
	RebuildNativeTypeToScriptingClass (32ms)
	initialDomainReloadingComplete (91ms)
	LoadAllAssembliesAndSetupDomain (907ms)
		LoadAssemblies (710ms)
		RebuildTransferFunctionScriptingTraits (0ms)
		AnalyzeDomain (385ms)
			TypeCache.Refresh (326ms)
				TypeCache.ScanAssembly (299ms)
			ScanForSourceGeneratedMonoScriptInfo (41ms)
			ResolveRequiredComponents (16ms)
	FinalizeReload (1553ms)
		ReleaseScriptCaches (0ms)
		RebuildScriptCaches (0ms)
		SetupLoadedEditorAssemblies (1230ms)
			LogAssemblyErrors (0ms)
			InitializePlatformSupportModulesInManaged (13ms)
			SetLoadedEditorAssemblies (8ms)
			RefreshPlugins (0ms)
			BeforeProcessingInitializeOnLoad (160ms)
			ProcessInitializeOnLoadAttributes (846ms)
			ProcessInitializeOnLoadMethodAttributes (174ms)
			AfterProcessingInitializeOnLoad (28ms)
			EditorAssembliesLoaded (0ms)
		ExecutionOrderSort2 (0ms)
		AwakeInstancesAfterBackupRestoration (33ms)
Launched and connected shader compiler UnityShaderCompiler.exe after 0.21 seconds
Refreshing native plugins compatible for Editor in 18.95 ms, found 3 plugins.
Preloading 0 native plugins for Editor in 0.00 ms.
Unloading 4938 Unused Serialized files (Serialized files now loaded: 0)
Unloading 65 unused Assets / (350.3 KB). Loaded Objects now: 5397.
Memory consumption went from 206.5 MB to 206.2 MB.
Total: 7.482600 ms (FindLiveObjects: 1.121900 ms CreateObjectMapping: 0.457000 ms MarkObjects: 5.318100 ms  DeleteObjects: 0.583900 ms)

AssetImportParameters requested are different than current active one (requested -> active):
  custom:container-demuxer-ogg: 62fdf1f143b41e24485cea50d1cbac27 -> 
  custom:video-decoder-ogg-theora: a1e56fd34408186e4bbccfd4996cb3dc -> 
  custom:framework-win-MediaFoundation: 216162199b28c13a410421893ffa2e32 -> 
  custom:CustomObjectIndexerAttribute: 62b5816608c3102f162a1797e29626cf -> 
  custom:container-demuxer-webm: 4f35f7cbe854078d1ac9338744f61a02 -> 
  custom:container-muxer-webm: aa71ff27fc2769a1b78a27578f13a17b -> 
  custom:video-decoder-webm-vp8: 9c59270c3fd7afecdb556c50c9e8de78 -> 
  custom:SearchIndexIgnoredProperties: e643bd26f0fe6173181afceb89e7c659 -> 
  custom:AudioImporter_EditorPlatform: d09bf68614088b80899f8185d706f6e7 -> 
  custom:video-encoder-webm-vp8: eb34c28f22e8b96e1ab97ce403110664 -> 
  custom:audio-decoder-ogg-vorbis: bf7c407c2cedff20999df2af8eb42d56 -> 
  custom:audio-encoder-webm-vorbis: bf7c407c2cedff20999df2af8eb42d56 -> 
========================================================================
Received Import Request.
  Time since last request: 147950.046912 seconds.
  path: Assets/UniversalRenderPipelineGlobalSettings.asset
  artifactKey: Guid(18dc0cd2c080841dea60987a38ce93fa) Importer(815301076,1909f56bfc062723c751e8b465ee728b)
Start importing Assets/UniversalRenderPipelineGlobalSettings.asset using Guid(18dc0cd2c080841dea60987a38ce93fa) Importer(815301076,1909f56bfc062723c751e8b465ee728b)  -> (artifact id: '3b9ed3c4cc2bcc5f07d20d853f149372') in 0.037046 seconds
Number of updated asset objects reloaded before import = 0
Number of asset objects unloaded after import = 1
========================================================================
Received Import Request.
  Time since last request: 0.000072 seconds.
  path: Assets/Scenes
  artifactKey: Guid(4672af2a852891d46845794f996c4dab) Importer(815301076,1909f56bfc062723c751e8b465ee728b)
Start importing Assets/Scenes using Guid(4672af2a852891d46845794f996c4dab) Importer(815301076,1909f56bfc062723c751e8b465ee728b)  -> (artifact id: '9bc186e598eed4acfc1b54e269b2124d') in 0.001574 seconds
Number of updated asset objects reloaded before import = 0
Number of asset objects unloaded after import = 0
========================================================================
Received Import Request.
  Time since last request: 2.229817 seconds.
  path: Assets/Scenes/SampleScene.unity
  artifactKey: Guid(99c9720ab356a0642a771bea13969a05) Importer(815301076,1909f56bfc062723c751e8b465ee728b)
Start importing Assets/Scenes/SampleScene.unity using Guid(99c9720ab356a0642a771bea13969a05) Importer(815301076,1909f56bfc062723c751e8b465ee728b)  -> (artifact id: '4d82670409a016dea96ce9e0f5a60359') in 0.001163 seconds
Number of updated asset objects reloaded before import = 0
Number of asset objects unloaded after import = 0
========================================================================
Received Import Request.
  Time since last request: 29.355379 seconds.
  path: Assets/Scenes/Level One.unity
  artifactKey: Guid(9cd663438f9439c40bf13714b0aede2a) Importer(815301076,1909f56bfc062723c751e8b465ee728b)
Start importing Assets/Scenes/Level One.unity using Guid(9cd663438f9439c40bf13714b0aede2a) Importer(815301076,1909f56bfc062723c751e8b465ee728b)  -> (artifact id: '932b51073aadfcf7d4981a40d5d84451') in 0.001757 seconds
Number of updated asset objects reloaded before import = 0
Number of asset objects unloaded after import = 0
========================================================================
Received Import Request.
  Time since last request: 10.324531 seconds.
  path: Assets/Scenes/Level Two.unity
  artifactKey: Guid(392788f7d471fe2479d579d8dc6e9060) Importer(815301076,1909f56bfc062723c751e8b465ee728b)
Start importing Assets/Scenes/Level Two.unity using Guid(392788f7d471fe2479d579d8dc6e9060) Importer(815301076,1909f56bfc062723c751e8b465ee728b)  -> (artifact id: '28c0e57b686087bef950d909df5171ed') in 0.001776 seconds
Number of updated asset objects reloaded before import = 0
Number of asset objects unloaded after import = 0
========================================================================
Received Prepare
Begin MonoManager ReloadAssembly
- Loaded All Assemblies, in  0.928 seconds
Refreshing native plugins compatible for Editor in 12.06 ms, found 3 plugins.
Native extension for WindowsStandalone target not found
[Package Manager] Server::EnsureServerProcessIsRunning -- launch failed, reason: Unity was launched with the -noUpm command-line argument
[Package Manager] UpmClient::Send -- Unable to send message (not connected to UPM process).
[Package Manager] Cannot connect to Unity Package Manager local server
Mono: successfully reloaded assembly
- Finished resetting the current domain, in  2.284 seconds
Domain Reload Profiling: 3200ms
	BeginReloadAssembly (293ms)
		ExecutionOrderSort (0ms)
		DisableScriptedObjects (8ms)
		BackupInstance (0ms)
		ReleaseScriptingObjects (0ms)
		CreateAndSetChildDomain (52ms)
	RebuildCommonClasses (81ms)
	RebuildNativeTypeToScriptingClass (32ms)
	initialDomainReloadingComplete (69ms)
	LoadAllAssembliesAndSetupDomain (441ms)
		LoadAssemblies (549ms)
		RebuildTransferFunctionScriptingTraits (0ms)
		AnalyzeDomain (69ms)
			TypeCache.Refresh (25ms)
				TypeCache.ScanAssembly (12ms)
			ScanForSourceGeneratedMonoScriptInfo (29ms)
			ResolveRequiredComponents (13ms)
	FinalizeReload (2285ms)
		ReleaseScriptCaches (0ms)
		RebuildScriptCaches (0ms)
		SetupLoadedEditorAssemblies (697ms)
			LogAssemblyErrors (0ms)
			InitializePlatformSupportModulesInManaged (8ms)
			SetLoadedEditorAssemblies (4ms)
			RefreshPlugins (0ms)
			BeforeProcessingInitializeOnLoad (101ms)
			ProcessInitializeOnLoadAttributes (481ms)
			ProcessInitializeOnLoadMethodAttributes (84ms)
			AfterProcessingInitializeOnLoad (18ms)
			EditorAssembliesLoaded (0ms)
		ExecutionOrderSort2 (0ms)
		AwakeInstancesAfterBackupRestoration (28ms)
Refreshing native plugins compatible for Editor in 12.42 ms, found 3 plugins.
Preloading 0 native plugins for Editor in 0.00 ms.
Unloading 5167 Unused Serialized files (Serialized files now loaded: 0)
Unloading 60 unused Assets / (2.1 MB). Loaded Objects now: 5777.
Memory consumption went from 196.2 MB to 194.2 MB.
Total: 4.553200 ms (FindLiveObjects: 0.415800 ms CreateObjectMapping: 0.224900 ms MarkObjects: 2.920900 ms  DeleteObjects: 0.990100 ms)

Prepare: number of updated asset objects reloaded= 0
AssetImportParameters requested are different than current active one (requested -> active):
  custom:container-demuxer-ogg: 62fdf1f143b41e24485cea50d1cbac27 -> 
  custom:video-decoder-ogg-theora: a1e56fd34408186e4bbccfd4996cb3dc -> 
  custom:framework-win-MediaFoundation: 216162199b28c13a410421893ffa2e32 -> 
  custom:CustomObjectIndexerAttribute: 62b5816608c3102f162a1797e29626cf -> 
  custom:container-demuxer-webm: 4f35f7cbe854078d1ac9338744f61a02 -> 
  custom:container-muxer-webm: aa71ff27fc2769a1b78a27578f13a17b -> 
  custom:video-decoder-webm-vp8: 9c59270c3fd7afecdb556c50c9e8de78 -> 
  custom:SearchIndexIgnoredProperties: e643bd26f0fe6173181afceb89e7c659 -> 
  custom:AudioImporter_EditorPlatform: d09bf68614088b80899f8185d706f6e7 -> 
  custom:video-encoder-webm-vp8: eb34c28f22e8b96e1ab97ce403110664 -> 
  custom:audio-decoder-ogg-vorbis: bf7c407c2cedff20999df2af8eb42d56 -> 
  custom:audio-encoder-webm-vorbis: bf7c407c2cedff20999df2af8eb42d56 -> 
========================================================================
Received Import Request.
  Time since last request: 250.572363 seconds.
  path: Assets/Models/Greybox
  artifactKey: Guid(973e09ffd8d54104baa1d62a3cab021f) Importer(815301076,1909f56bfc062723c751e8b465ee728b)
Start importing Assets/Models/Greybox using Guid(973e09ffd8d54104baa1d62a3cab021f) Importer(815301076,1909f56bfc062723c751e8b465ee728b)  -> (artifact id: '0b45ecc8b5bab606ecf15403f27aab08') in 0.006752 seconds
Number of updated asset objects reloaded before import = 0
Number of asset objects unloaded after import = 0
========================================================================
Received Import Request.
  Time since last request: 0.049287 seconds.
  path: Assets/Models/Greybox/Alphabet.fbx
  artifactKey: Guid(647499f740437424a99437e248bfaf06) Importer(815301076,1909f56bfc062723c751e8b465ee728b)
Start importing Assets/Models/Greybox/Alphabet.fbx using Guid(647499f740437424a99437e248bfaf06) Importer(815301076,1909f56bfc062723c751e8b465ee728b)  -> (artifact id: 'fbdbef2c2cac51f3835e4aa3c33184e8') in 2.934213 seconds
Number of updated asset objects reloaded before import = 0
Number of asset objects unloaded after import = 184
========================================================================
Received Import Request.
  Time since last request: 0.000034 seconds.
  path: Assets/Models/Greybox/CI_Banana_Peeled_GRB_v1.fbx
  artifactKey: Guid(d15bb98fb382a9e40bad90b6f153afdb) Importer(815301076,1909f56bfc062723c751e8b465ee728b)
Start importing Assets/Models/Greybox/CI_Banana_Peeled_GRB_v1.fbx using Guid(d15bb98fb382a9e40bad90b6f153afdb) Importer(815301076,1909f56bfc062723c751e8b465ee728b)  -> (artifact id: '4530793cbb97f0d8c187884904087f86') in 0.925510 seconds
Number of updated asset objects reloaded before import = 0
Number of asset objects unloaded after import = 8
========================================================================
Received Import Request.
  Time since last request: 0.000035 seconds.
  path: Assets/Models/Greybox/CI_Plant_CrepeMyrtle_GRB_v1.fbx
  artifactKey: Guid(ba170e39aa58c4844bb813a1c7fdb558) Importer(815301076,1909f56bfc062723c751e8b465ee728b)
Start importing Assets/Models/Greybox/CI_Plant_CrepeMyrtle_GRB_v1.fbx using Guid(ba170e39aa58c4844bb813a1c7fdb558) Importer(815301076,1909f56bfc062723c751e8b465ee728b)  -> (artifact id: '60a153d9d6217a743cfd7a5b8749f397') in 0.020689 seconds
Number of updated asset objects reloaded before import = 0
Number of asset objects unloaded after import = 8
========================================================================
Received Import Request.
  Time since last request: 0.000026 seconds.
  path: Assets/Models/Greybox/TH_Circle_Sign_GRB_v1.fbx
  artifactKey: Guid(53b9a3975b812da45a4b7fd95d2acd51) Importer(815301076,1909f56bfc062723c751e8b465ee728b)
Start importing Assets/Models/Greybox/TH_Circle_Sign_GRB_v1.fbx using Guid(53b9a3975b812da45a4b7fd95d2acd51) Importer(815301076,1909f56bfc062723c751e8b465ee728b)  -> (artifact id: '2b79053e638992cf816c8a91428f85fc') in 1.837610 seconds
Number of updated asset objects reloaded before import = 0
Number of asset objects unloaded after import = 17
========================================================================
Received Import Request.
  Time since last request: 0.000039 seconds.
  path: Assets/Models/Greybox/CI_Plant_RockRose_GRB_v1.fbx
  artifactKey: Guid(91856ce7844ef99439af231c3af1077c) Importer(815301076,1909f56bfc062723c751e8b465ee728b)
Start importing Assets/Models/Greybox/CI_Plant_RockRose_GRB_v1.fbx using Guid(91856ce7844ef99439af231c3af1077c) Importer(815301076,1909f56bfc062723c751e8b465ee728b)  -> (artifact id: 'eace0babf1b6a5bb7f765567affdc77e') in 0.029864 seconds
Number of updated asset objects reloaded before import = 0
Number of asset objects unloaded after import = 8
========================================================================
Received Import Request.
  Time since last request: 0.000046 seconds.
  path: Assets/Models/Greybox/JR_TrafficCone_GRB_v4.fbx
  artifactKey: Guid(401f74c509bdfc040800a27cf2c5e914) Importer(815301076,1909f56bfc062723c751e8b465ee728b)
Start importing Assets/Models/Greybox/JR_TrafficCone_GRB_v4.fbx using Guid(401f74c509bdfc040800a27cf2c5e914) Importer(815301076,1909f56bfc062723c751e8b465ee728b)  -> (artifact id: '55663c2a457f2331c0df1ef9df25ed01') in 2.619117 seconds
Number of updated asset objects reloaded before import = 0
Number of asset objects unloaded after import = 10
========================================================================
Received Import Request.
  Time since last request: 0.000433 seconds.
  path: Assets/Models/Greybox/CI_HandicapScooter_GRB_v1.fbx
  artifactKey: Guid(ff45de91ecbf64a4ebf85117b15049f5) Importer(815301076,1909f56bfc062723c751e8b465ee728b)
Start importing Assets/Models/Greybox/CI_HandicapScooter_GRB_v1.fbx using Guid(ff45de91ecbf64a4ebf85117b15049f5) Importer(815301076,1909f56bfc062723c751e8b465ee728b)  -> (artifact id: '64d6795d354e4d4bc953e6ead31eed87') in 0.031558 seconds
Number of updated asset objects reloaded before import = 0
Number of asset objects unloaded after import = 8
========================================================================
Received Import Request.
  Time since last request: 0.000034 seconds.
  path: Assets/Models/Greybox/CI_BirdGrackle_GRB_v1.fbx
  artifactKey: Guid(04be8314db8419245b613596b401c66f) Importer(815301076,1909f56bfc062723c751e8b465ee728b)
Start importing Assets/Models/Greybox/CI_BirdGrackle_GRB_v1.fbx using Guid(04be8314db8419245b613596b401c66f) Importer(815301076,1909f56bfc062723c751e8b465ee728b)  -> (artifact id: '1262a52a37421638a681925ef5206aea') in 0.033373 seconds
Number of updated asset objects reloaded before import = 0
Number of asset objects unloaded after import = 8
========================================================================
Received Import Request.
  Time since last request: 0.000034 seconds.
  path: Assets/Models/Greybox/TH_Handicap_Other Signs_GRB_v1.fbx
  artifactKey: Guid(45c1e6b4f3752be46a58c498d281b42a) Importer(815301076,1909f56bfc062723c751e8b465ee728b)
Start importing Assets/Models/Greybox/TH_Handicap_Other Signs_GRB_v1.fbx using Guid(45c1e6b4f3752be46a58c498d281b42a) Importer(815301076,1909f56bfc062723c751e8b465ee728b)  -> (artifact id: '7724fcbc17e4aa398e3a3157af80345b') in 0.082006 seconds
Number of updated asset objects reloaded before import = 0
Number of asset objects unloaded after import = 17
========================================================================
Received Import Request.
  Time since last request: 0.000037 seconds.
  path: Assets/Models/Greybox/TH_Square_Sign_GRB_v1.fbx
  artifactKey: Guid(40af488dd4e373146ac06f6b7feaf816) Importer(815301076,1909f56bfc062723c751e8b465ee728b)
Start importing Assets/Models/Greybox/TH_Square_Sign_GRB_v1.fbx using Guid(40af488dd4e373146ac06f6b7feaf816) Importer(815301076,1909f56bfc062723c751e8b465ee728b)  -> (artifact id: '906e921d225b89d63a4a32f9d5c7045e') in 0.113109 seconds
Number of updated asset objects reloaded before import = 0
Number of asset objects unloaded after import = 17
========================================================================
Received Import Request.
  Time since last request: 0.000059 seconds.
  path: Assets/Models/Greybox/TH_SalesPrice_Signs_GRB_v2.fbx
  artifactKey: Guid(47e29f19d7b07bc44aab51671376a53a) Importer(815301076,1909f56bfc062723c751e8b465ee728b)
Start importing Assets/Models/Greybox/TH_SalesPrice_Signs_GRB_v2.fbx using Guid(47e29f19d7b07bc44aab51671376a53a) Importer(815301076,1909f56bfc062723c751e8b465ee728b)  -> (artifact id: 'f643fb76406eb46a9c3adf3574690cdc') in 0.145447 seconds
Number of updated asset objects reloaded before import = 0
Number of asset objects unloaded after import = 32
========================================================================
Received Import Request.
  Time since last request: 0.000032 seconds.
  path: Assets/Models/Greybox/TH_ShoppingCart_GRB_v2.fbx
  artifactKey: Guid(e3aaf96faeed9b440a98dadb7cbac6b2) Importer(815301076,1909f56bfc062723c751e8b465ee728b)
Start importing Assets/Models/Greybox/TH_ShoppingCart_GRB_v2.fbx using Guid(e3aaf96faeed9b440a98dadb7cbac6b2) Importer(815301076,1909f56bfc062723c751e8b465ee728b)  -> (artifact id: 'b417768cf4116005c5db9bdf059b4c49') in 0.143751 seconds
Number of updated asset objects reloaded before import = 0
Number of asset objects unloaded after import = 38
========================================================================
Received Import Request.
  Time since last request: 0.000040 seconds.
  path: Assets/Models/Greybox/ReferenceBox (1).fbx
  artifactKey: Guid(0d119c3a3dc98bf439566a7d3d59f762) Importer(815301076,1909f56bfc062723c751e8b465ee728b)
Start importing Assets/Models/Greybox/ReferenceBox (1).fbx using Guid(0d119c3a3dc98bf439566a7d3d59f762) Importer(815301076,1909f56bfc062723c751e8b465ee728b)  -> (artifact id: '0daeb6a57b3f5b348a8d0eb7e9b2e168') in 0.026637 seconds
Number of updated asset objects reloaded before import = 0
Number of asset objects unloaded after import = 8
========================================================================
Received Import Request.
  Time since last request: 0.000055 seconds.
  path: Assets/Models/Greybox/CI_NPC_GRB_v1.fbx
  artifactKey: Guid(83ae8b0b55759dc4c86308a7b63ca766) Importer(815301076,1909f56bfc062723c751e8b465ee728b)
Start importing Assets/Models/Greybox/CI_NPC_GRB_v1.fbx using Guid(83ae8b0b55759dc4c86308a7b63ca766) Importer(815301076,1909f56bfc062723c751e8b465ee728b)  -> (artifact id: 'cfa1c88b8004aecee16e7806d7d7748d') in 0.027255 seconds
Number of updated asset objects reloaded before import = 0
Number of asset objects unloaded after import = 8
========================================================================
Received Import Request.
  Time since last request: 0.000029 seconds.
  path: Assets/Models/Greybox/CI_BirdFinch_GRB_v1.fbx
  artifactKey: Guid(a07a1899dd4ca56449cbdbf107480af0) Importer(815301076,1909f56bfc062723c751e8b465ee728b)
Start importing Assets/Models/Greybox/CI_BirdFinch_GRB_v1.fbx using Guid(a07a1899dd4ca56449cbdbf107480af0) Importer(815301076,1909f56bfc062723c751e8b465ee728b)  -> (artifact id: '6ac071238bab747d6af8e10b9c692224') in 0.053556 seconds
Number of updated asset objects reloaded before import = 0
Number of asset objects unloaded after import = 15
========================================================================
Received Import Request.
  Time since last request: 0.000035 seconds.
  path: Assets/Models/Greybox/CI_CupWStraw_GRB_v1.fbx
  artifactKey: Guid(796626c1669781a4a9677d6ff1fd3e69) Importer(815301076,1909f56bfc062723c751e8b465ee728b)
Start importing Assets/Models/Greybox/CI_CupWStraw_GRB_v1.fbx using Guid(796626c1669781a4a9677d6ff1fd3e69) Importer(815301076,1909f56bfc062723c751e8b465ee728b)  -> (artifact id: '9d93f8979f7aff676dec7137a00791f0') in 0.030881 seconds
Number of updated asset objects reloaded before import = 0
Number of asset objects unloaded after import = 8
Editor requested this worker to shutdown with reason: Scaling down because of idle timeout
TcpMessagingSession - receive error
AssetImportWorkerClient::OnTransportError - code=2 error=End of file
AssetImportWorker is now disconnected from the server
Process exiting
Exiting without the bug reporter. Application will terminate with return code 0