Using pre-set license
Built from '2022.3/staging' branch; Version is '2022.3.17f1 (4fc78088f837) revision 5228416'; Using compiler version '192829333'; Build Type 'Release'
OS: 'Windows 10  (10.0.19045) 64bit Enterprise' Language: 'en' Physical Memory: 16122 MB
BatchMode: 1, IsHumanControllingUs: 0, StartBugReporterOnCrash: 0, Is64bit: 1, IsPro: 1

COMMAND LINE ARGUMENTS:
C:\Program Files\Unity\Hub\Editor\2022.3.17f1\Editor\Unity.exe
-adb2
-batchMode
-noUpm
-name
AssetImportWorker1
-projectPath
C:/Users/earellano29/Documents/GitHub/ButtonBeepGames/KrazyCarts
-logFile
Logs/AssetImportWorker1.log
-srvPort
58808
Successfully changed project path to: C:/Users/earellano29/Documents/GitHub/ButtonBeepGames/KrazyCarts
C:/Users/earellano29/Documents/GitHub/ButtonBeepGames/KrazyCarts
[UnityMemory] Configuration Parameters - Can be set up in boot.config
    "memorysetup-bucket-allocator-granularity=16"
    "memorysetup-bucket-allocator-bucket-count=8"
    "memorysetup-bucket-allocator-block-size=33554432"
    "memorysetup-bucket-allocator-block-count=8"
    "memorysetup-main-allocator-block-size=16777216"
    "memorysetup-thread-allocator-block-size=16777216"
    "memorysetup-gfx-main-allocator-block-size=16777216"
    "memorysetup-gfx-thread-allocator-block-size=16777216"
    "memorysetup-cache-allocator-block-size=4194304"
    "memorysetup-typetree-allocator-block-size=2097152"
    "memorysetup-profiler-bucket-allocator-granularity=16"
    "memorysetup-profiler-bucket-allocator-bucket-count=8"
    "memorysetup-profiler-bucket-allocator-block-size=33554432"
    "memorysetup-profiler-bucket-allocator-block-count=8"
    "memorysetup-profiler-allocator-block-size=16777216"
    "memorysetup-profiler-editor-allocator-block-size=1048576"
    "memorysetup-temp-allocator-size-main=16777216"
    "memorysetup-job-temp-allocator-block-size=2097152"
    "memorysetup-job-temp-allocator-block-size-background=1048576"
    "memorysetup-job-temp-allocator-reduction-small-platforms=262144"
    "memorysetup-allocator-temp-initial-block-size-main=262144"
    "memorysetup-allocator-temp-initial-block-size-worker=262144"
    "memorysetup-temp-allocator-size-background-worker=32768"
    "memorysetup-temp-allocator-size-job-worker=262144"
    "memorysetup-temp-allocator-size-preload-manager=33554432"
    "memorysetup-temp-allocator-size-nav-mesh-worker=65536"
    "memorysetup-temp-allocator-size-audio-worker=65536"
    "memorysetup-temp-allocator-size-cloud-worker=32768"
    "memorysetup-temp-allocator-size-gi-baking-worker=262144"
    "memorysetup-temp-allocator-size-gfx=262144"
Player connection [1840] Host "[IP] 192.168.0.57 [Port] 0 [Flags] 2 [Guid] 1084035000 [EditorId] 1084035000 [Version] 1048832 [Id] WindowsEditor(7,MOBCK-451076) [Debug] 1 [PackageName] WindowsEditor [ProjectName] Editor" joined multi-casting on [225.0.0.222:54997]...

Player connection [1840] Host "[IP] 192.168.0.57 [Port] 0 [Flags] 2 [Guid] 1084035000 [EditorId] 1084035000 [Version] 1048832 [Id] WindowsEditor(7,MOBCK-451076) [Debug] 1 [PackageName] WindowsEditor [ProjectName] Editor" joined alternative multi-casting on [225.0.0.222:34997]...

[Physics::Module] Initialized MultithreadedJobDispatcher with 7 workers.
Refreshing native plugins compatible for Editor in 56.32 ms, found 3 plugins.
Preloading 0 native plugins for Editor in 0.00 ms.
Initialize engine version: 2022.3.17f1 (4fc78088f837)
[Subsystems] Discovering subsystems at path C:/Program Files/Unity/Hub/Editor/2022.3.17f1/Editor/Data/Resources/UnitySubsystems
[Subsystems] Discovering subsystems at path C:/Users/earellano29/Documents/GitHub/ButtonBeepGames/KrazyCarts/Assets
GfxDevice: creating device client; threaded=0; jobified=0
Direct3D:
    Version:  Direct3D 11.0 [level 11.1]
    Renderer: NVIDIA T500 (ID=0x1fbb)
    Vendor:   NVIDIA
    VRAM:     1928 MB
    Driver:   31.0.15.1654
Initialize mono
Mono path[0] = 'C:/Program Files/Unity/Hub/Editor/2022.3.17f1/Editor/Data/Managed'
Mono path[1] = 'C:/Program Files/Unity/Hub/Editor/2022.3.17f1/Editor/Data/MonoBleedingEdge/lib/mono/unityjit-win32'
Mono config path = 'C:/Program Files/Unity/Hub/Editor/2022.3.17f1/Editor/Data/MonoBleedingEdge/etc'
Using monoOptions --debugger-agent=transport=dt_socket,embedding=1,server=y,suspend=n,address=127.0.0.1:56088
Begin MonoManager ReloadAssembly
Registering precompiled unity dll's ...
Register platform support module: C:/Program Files/Unity/Hub/Editor/2022.3.17f1/Editor/Data/PlaybackEngines/WindowsStandaloneSupport/UnityEditor.WindowsStandalone.Extensions.dll
Registered in 0.024345 seconds.
- Loaded All Assemblies, in  0.842 seconds
Native extension for WindowsStandalone target not found
Mono: successfully reloaded assembly
- Finished resetting the current domain, in  0.589 seconds
Domain Reload Profiling: 1422ms
	BeginReloadAssembly (246ms)
		ExecutionOrderSort (0ms)
		DisableScriptedObjects (0ms)
		BackupInstance (0ms)
		ReleaseScriptingObjects (0ms)
		CreateAndSetChildDomain (1ms)
	RebuildCommonClasses (71ms)
	RebuildNativeTypeToScriptingClass (35ms)
	initialDomainReloadingComplete (155ms)
	LoadAllAssembliesAndSetupDomain (325ms)
		LoadAssemblies (236ms)
		RebuildTransferFunctionScriptingTraits (0ms)
		AnalyzeDomain (319ms)
			TypeCache.Refresh (317ms)
				TypeCache.ScanAssembly (290ms)
			ScanForSourceGeneratedMonoScriptInfo (1ms)
			ResolveRequiredComponents (1ms)
	FinalizeReload (590ms)
		ReleaseScriptCaches (0ms)
		RebuildScriptCaches (0ms)
		SetupLoadedEditorAssemblies (465ms)
			LogAssemblyErrors (0ms)
			InitializePlatformSupportModulesInManaged (18ms)
			SetLoadedEditorAssemblies (17ms)
			RefreshPlugins (0ms)
			BeforeProcessingInitializeOnLoad (4ms)
			ProcessInitializeOnLoadAttributes (316ms)
			ProcessInitializeOnLoadMethodAttributes (109ms)
			AfterProcessingInitializeOnLoad (0ms)
			EditorAssembliesLoaded (0ms)
		ExecutionOrderSort2 (0ms)
		AwakeInstancesAfterBackupRestoration (0ms)
========================================================================
Worker process is ready to serve import requests
Begin MonoManager ReloadAssembly
- Loaded All Assemblies, in  1.444 seconds
Refreshing native plugins compatible for Editor in 15.13 ms, found 3 plugins.
Native extension for WindowsStandalone target not found
Package Manager log level set to [2]
[Package Manager] Server::EnsureServerProcessIsRunning -- launch failed, reason: Unity was launched with the -noUpm command-line argument
[Package Manager] UpmClient::Send -- Unable to send message (not connected to UPM process).
[Package Manager] Cannot connect to Unity Package Manager local server
Mono: successfully reloaded assembly
- Finished resetting the current domain, in  1.586 seconds
Domain Reload Profiling: 3013ms
	BeginReloadAssembly (328ms)
		ExecutionOrderSort (0ms)
		DisableScriptedObjects (13ms)
		BackupInstance (0ms)
		ReleaseScriptingObjects (1ms)
		CreateAndSetChildDomain (41ms)
	RebuildCommonClasses (70ms)
	RebuildNativeTypeToScriptingClass (21ms)
	initialDomainReloadingComplete (101ms)
	LoadAllAssembliesAndSetupDomain (906ms)
		LoadAssemblies (711ms)
		RebuildTransferFunctionScriptingTraits (0ms)
		AnalyzeDomain (389ms)
			TypeCache.Refresh (333ms)
				TypeCache.ScanAssembly (302ms)
			ScanForSourceGeneratedMonoScriptInfo (34ms)
			ResolveRequiredComponents (19ms)
	FinalizeReload (1587ms)
		ReleaseScriptCaches (0ms)
		RebuildScriptCaches (0ms)
		SetupLoadedEditorAssemblies (1246ms)
			LogAssemblyErrors (0ms)
			InitializePlatformSupportModulesInManaged (12ms)
			SetLoadedEditorAssemblies (5ms)
			RefreshPlugins (0ms)
			BeforeProcessingInitializeOnLoad (180ms)
			ProcessInitializeOnLoadAttributes (835ms)
			ProcessInitializeOnLoadMethodAttributes (183ms)
			AfterProcessingInitializeOnLoad (31ms)
			EditorAssembliesLoaded (0ms)
		ExecutionOrderSort2 (0ms)
		AwakeInstancesAfterBackupRestoration (33ms)
Launched and connected shader compiler UnityShaderCompiler.exe after 0.23 seconds
Refreshing native plugins compatible for Editor in 16.00 ms, found 3 plugins.
Preloading 0 native plugins for Editor in 0.00 ms.
Unloading 4938 Unused Serialized files (Serialized files now loaded: 0)
Unloading 65 unused Assets / (350.3 KB). Loaded Objects now: 5397.
Memory consumption went from 206.5 MB to 206.2 MB.
Total: 4.412000 ms (FindLiveObjects: 0.452500 ms CreateObjectMapping: 0.232000 ms MarkObjects: 3.490100 ms  DeleteObjects: 0.235900 ms)

AssetImportParameters requested are different than current active one (requested -> active):
  custom:container-demuxer-ogg: 62fdf1f143b41e24485cea50d1cbac27 -> 
  custom:video-decoder-ogg-theora: a1e56fd34408186e4bbccfd4996cb3dc -> 
  custom:framework-win-MediaFoundation: 216162199b28c13a410421893ffa2e32 -> 
  custom:CustomObjectIndexerAttribute: 62b5816608c3102f162a1797e29626cf -> 
  custom:container-demuxer-webm: 4f35f7cbe854078d1ac9338744f61a02 -> 
  custom:container-muxer-webm: aa71ff27fc2769a1b78a27578f13a17b -> 
  custom:video-decoder-webm-vp8: 9c59270c3fd7afecdb556c50c9e8de78 -> 
  custom:SearchIndexIgnoredProperties: e643bd26f0fe6173181afceb89e7c659 -> 
  custom:AudioImporter_EditorPlatform: d09bf68614088b80899f8185d706f6e7 -> 
  custom:video-encoder-webm-vp8: eb34c28f22e8b96e1ab97ce403110664 -> 
  custom:audio-decoder-ogg-vorbis: bf7c407c2cedff20999df2af8eb42d56 -> 
  custom:audio-encoder-webm-vorbis: bf7c407c2cedff20999df2af8eb42d56 -> 
========================================================================
Received Prepare
Begin MonoManager ReloadAssembly
- Loaded All Assemblies, in  0.931 seconds
Refreshing native plugins compatible for Editor in 10.96 ms, found 3 plugins.
Native extension for WindowsStandalone target not found
[Package Manager] Server::EnsureServerProcessIsRunning -- launch failed, reason: Unity was launched with the -noUpm command-line argument
[Package Manager] UpmClient::Send -- Unable to send message (not connected to UPM process).
[Package Manager] Cannot connect to Unity Package Manager local server
Mono: successfully reloaded assembly
- Finished resetting the current domain, in  2.277 seconds
Domain Reload Profiling: 3197ms
	BeginReloadAssembly (297ms)
		ExecutionOrderSort (0ms)
		DisableScriptedObjects (7ms)
		BackupInstance (0ms)
		ReleaseScriptingObjects (0ms)
		CreateAndSetChildDomain (58ms)
	RebuildCommonClasses (67ms)
	RebuildNativeTypeToScriptingClass (31ms)
	initialDomainReloadingComplete (75ms)
	LoadAllAssembliesAndSetupDomain (448ms)
		LoadAssemblies (551ms)
		RebuildTransferFunctionScriptingTraits (0ms)
		AnalyzeDomain (76ms)
			TypeCache.Refresh (27ms)
				TypeCache.ScanAssembly (14ms)
			ScanForSourceGeneratedMonoScriptInfo (29ms)
			ResolveRequiredComponents (20ms)
	FinalizeReload (2278ms)
		ReleaseScriptCaches (0ms)
		RebuildScriptCaches (0ms)
		SetupLoadedEditorAssemblies (689ms)
			LogAssemblyErrors (0ms)
			InitializePlatformSupportModulesInManaged (8ms)
			SetLoadedEditorAssemblies (4ms)
			RefreshPlugins (0ms)
			BeforeProcessingInitializeOnLoad (101ms)
			ProcessInitializeOnLoadAttributes (470ms)
			ProcessInitializeOnLoadMethodAttributes (89ms)
			AfterProcessingInitializeOnLoad (17ms)
			EditorAssembliesLoaded (0ms)
		ExecutionOrderSort2 (0ms)
		AwakeInstancesAfterBackupRestoration (28ms)
Refreshing native plugins compatible for Editor in 11.88 ms, found 3 plugins.
Preloading 0 native plugins for Editor in 0.00 ms.
Unloading 5167 Unused Serialized files (Serialized files now loaded: 0)
Unloading 60 unused Assets / (2.0 MB). Loaded Objects now: 5776.
Memory consumption went from 196.3 MB to 194.2 MB.
Total: 4.886900 ms (FindLiveObjects: 0.434400 ms CreateObjectMapping: 0.250800 ms MarkObjects: 3.040600 ms  DeleteObjects: 1.159700 ms)

Prepare: number of updated asset objects reloaded= 0
AssetImportParameters requested are different than current active one (requested -> active):
  custom:container-demuxer-ogg: 62fdf1f143b41e24485cea50d1cbac27 -> 
  custom:video-decoder-ogg-theora: a1e56fd34408186e4bbccfd4996cb3dc -> 
  custom:framework-win-MediaFoundation: 216162199b28c13a410421893ffa2e32 -> 
  custom:CustomObjectIndexerAttribute: 62b5816608c3102f162a1797e29626cf -> 
  custom:container-demuxer-webm: 4f35f7cbe854078d1ac9338744f61a02 -> 
  custom:container-muxer-webm: aa71ff27fc2769a1b78a27578f13a17b -> 
  custom:video-decoder-webm-vp8: 9c59270c3fd7afecdb556c50c9e8de78 -> 
  custom:SearchIndexIgnoredProperties: e643bd26f0fe6173181afceb89e7c659 -> 
  custom:AudioImporter_EditorPlatform: d09bf68614088b80899f8185d706f6e7 -> 
  custom:video-encoder-webm-vp8: eb34c28f22e8b96e1ab97ce403110664 -> 
  custom:audio-decoder-ogg-vorbis: bf7c407c2cedff20999df2af8eb42d56 -> 
  custom:audio-encoder-webm-vorbis: bf7c407c2cedff20999df2af8eb42d56 -> 
========================================================================
Received Import Request.
  Time since last request: 148242.741863 seconds.
  path: Assets/Models/Greybox/Bollard_GRB.fbx
  artifactKey: Guid(98ed16b2be8982a4f9d71bb93a2b1bab) Importer(815301076,1909f56bfc062723c751e8b465ee728b)
Start importing Assets/Models/Greybox/Bollard_GRB.fbx using Guid(98ed16b2be8982a4f9d71bb93a2b1bab) Importer(815301076,1909f56bfc062723c751e8b465ee728b)  -> (artifact id: '00a3ff4af93f672fd77a5d39d96afd22') in 2.686723 seconds
Number of updated asset objects reloaded before import = 0
Number of asset objects unloaded after import = 40
========================================================================
Received Import Request.
  Time since last request: 0.000044 seconds.
  path: Assets/Models/Greybox/TH_ShoppingCart_GRB_v2 (1).fbx
  artifactKey: Guid(6ab14c7ab1263f84989c9e5bfcd41db8) Importer(815301076,1909f56bfc062723c751e8b465ee728b)
Start importing Assets/Models/Greybox/TH_ShoppingCart_GRB_v2 (1).fbx using Guid(6ab14c7ab1263f84989c9e5bfcd41db8) Importer(815301076,1909f56bfc062723c751e8b465ee728b)  -> (artifact id: '39272f3475c674044af78399976989fd') in 1.630454 seconds
Number of updated asset objects reloaded before import = 0
Number of asset objects unloaded after import = 38
========================================================================
Received Import Request.
  Time since last request: 0.000071 seconds.
  path: Assets/Models/Greybox/CI_PaperBag_GRB_v1.fbx
  artifactKey: Guid(c9de9afdecfc1fb4fb0edca318ad7fb9) Importer(815301076,1909f56bfc062723c751e8b465ee728b)
Start importing Assets/Models/Greybox/CI_PaperBag_GRB_v1.fbx using Guid(c9de9afdecfc1fb4fb0edca318ad7fb9) Importer(815301076,1909f56bfc062723c751e8b465ee728b)  -> (artifact id: 'c2fd86c2983010ca428e33ecc95f75e1') in 1.138275 seconds
Number of updated asset objects reloaded before import = 0
Number of asset objects unloaded after import = 8
========================================================================
Received Import Request.
  Time since last request: 0.000041 seconds.
  path: Assets/Models/Greybox/TH_SalesPrice_Signs_GRB_v1.fbx
  artifactKey: Guid(f5c38034dfb59fd4db7a0b98b947c68c) Importer(815301076,1909f56bfc062723c751e8b465ee728b)
Start importing Assets/Models/Greybox/TH_SalesPrice_Signs_GRB_v1.fbx using Guid(f5c38034dfb59fd4db7a0b98b947c68c) Importer(815301076,1909f56bfc062723c751e8b465ee728b)  -> (artifact id: 'cd8bb21cb09122e5bc381a0b7e0cf92a') in 0.102900 seconds
Number of updated asset objects reloaded before import = 0
Number of asset objects unloaded after import = 32
========================================================================
Received Import Request.
  Time since last request: 0.000046 seconds.
  path: Assets/Models/Greybox/TH_DiagSquare_Diamond_Sign_GRB_v1.fbx
  artifactKey: Guid(8119968fd3af0bc4f94ad71e59a04dc7) Importer(815301076,1909f56bfc062723c751e8b465ee728b)
Start importing Assets/Models/Greybox/TH_DiagSquare_Diamond_Sign_GRB_v1.fbx using Guid(8119968fd3af0bc4f94ad71e59a04dc7) Importer(815301076,1909f56bfc062723c751e8b465ee728b)  -> (artifact id: '3683cc12cd1b1a58e4f35406d9880951') in 0.071849 seconds
Number of updated asset objects reloaded before import = 0
Number of asset objects unloaded after import = 17
========================================================================
Received Import Request.
  Time since last request: 0.000029 seconds.
  path: Assets/Models/Greybox/CI_Banana_Unpeeled_GRB_v1.fbx
  artifactKey: Guid(7a97198d06668804aa7d939c948826ad) Importer(815301076,1909f56bfc062723c751e8b465ee728b)
Start importing Assets/Models/Greybox/CI_Banana_Unpeeled_GRB_v1.fbx using Guid(7a97198d06668804aa7d939c948826ad) Importer(815301076,1909f56bfc062723c751e8b465ee728b)  -> (artifact id: 'f1b3bf016c49891ae8ec4afc95118314') in 0.025416 seconds
Number of updated asset objects reloaded before import = 0
Number of asset objects unloaded after import = 8
========================================================================
Received Import Request.
  Time since last request: 0.000039 seconds.
  path: Assets/Models/Greybox/TH_Stop_Sign_GRB_v1.fbx
  artifactKey: Guid(6b69de83006c1b84b8a46ca1b5fee68d) Importer(815301076,1909f56bfc062723c751e8b465ee728b)
Start importing Assets/Models/Greybox/TH_Stop_Sign_GRB_v1.fbx using Guid(6b69de83006c1b84b8a46ca1b5fee68d) Importer(815301076,1909f56bfc062723c751e8b465ee728b)  -> (artifact id: '5a8db9d9d8ff6ec8ac3c557294fe4a4a') in 0.075765 seconds
Number of updated asset objects reloaded before import = 0
Number of asset objects unloaded after import = 18
========================================================================
Received Import Request.
  Time since last request: 0.000032 seconds.
  path: Assets/Models/Greybox/TH_Triangle_Sign_GRB_v1.fbx
  artifactKey: Guid(2f4ba0edee08e2048bae5822ae52b90c) Importer(815301076,1909f56bfc062723c751e8b465ee728b)
Start importing Assets/Models/Greybox/TH_Triangle_Sign_GRB_v1.fbx using Guid(2f4ba0edee08e2048bae5822ae52b90c) Importer(815301076,1909f56bfc062723c751e8b465ee728b)  -> (artifact id: 'de7de4a558ee318fb51fec7657866bfc') in 0.060635 seconds
Number of updated asset objects reloaded before import = 0
Number of asset objects unloaded after import = 17
========================================================================
Received Import Request.
  Time since last request: 0.000058 seconds.
  path: Assets/Models/Greybox/TH_UpsideDown_Triangle_Sign_GRB_v1.fbx
  artifactKey: Guid(38e3370eba8e87948bbc57751df4d4ef) Importer(815301076,1909f56bfc062723c751e8b465ee728b)
Start importing Assets/Models/Greybox/TH_UpsideDown_Triangle_Sign_GRB_v1.fbx using Guid(38e3370eba8e87948bbc57751df4d4ef) Importer(815301076,1909f56bfc062723c751e8b465ee728b)  -> (artifact id: '62eb0449f427c9be950a7e5aa93ab484') in 0.071329 seconds
Number of updated asset objects reloaded before import = 0
Number of asset objects unloaded after import = 17
========================================================================
Received Import Request.
  Time since last request: 0.000032 seconds.
  path: Assets/Models/Greybox/CI_BirdFinch_GRB_v2.fbx
  artifactKey: Guid(8745f05f3a7d6ac43afa1488acc63104) Importer(815301076,1909f56bfc062723c751e8b465ee728b)
Start importing Assets/Models/Greybox/CI_BirdFinch_GRB_v2.fbx using Guid(8745f05f3a7d6ac43afa1488acc63104) Importer(815301076,1909f56bfc062723c751e8b465ee728b)  -> (artifact id: 'd61cc13beaf43a12ebde11f79edbbe74') in 0.030017 seconds
Number of updated asset objects reloaded before import = 0
Number of asset objects unloaded after import = 8
========================================================================
Received Import Request.
  Time since last request: 0.000027 seconds.
  path: Assets/Models/Greybox/TH_PlantPots_GRB_v1.fbx
  artifactKey: Guid(f7ad7aeaeea576545a603a9d1a4040a9) Importer(815301076,1909f56bfc062723c751e8b465ee728b)
Start importing Assets/Models/Greybox/TH_PlantPots_GRB_v1.fbx using Guid(f7ad7aeaeea576545a603a9d1a4040a9) Importer(815301076,1909f56bfc062723c751e8b465ee728b)  -> (artifact id: '354eda5abe0363f5abc7ceadbeeaf8a9') in 0.300683 seconds
Number of updated asset objects reloaded before import = 0
Number of asset objects unloaded after import = 88
========================================================================
Received Import Request.
  Time since last request: 0.000041 seconds.
  path: Assets/Models/Greybox/CI_Plant_CallaLilies_GRB_v1.fbx
  artifactKey: Guid(546c8bd61e55c6b41b507b999a4df3c7) Importer(815301076,1909f56bfc062723c751e8b465ee728b)
Start importing Assets/Models/Greybox/CI_Plant_CallaLilies_GRB_v1.fbx using Guid(546c8bd61e55c6b41b507b999a4df3c7) Importer(815301076,1909f56bfc062723c751e8b465ee728b)  -> (artifact id: 'ed8e1b58c94c1a3cbd5a21564a109dee') in 0.029690 seconds
Number of updated asset objects reloaded before import = 0
Number of asset objects unloaded after import = 8
========================================================================
Received Import Request.
  Time since last request: 0.000048 seconds.
  path: Assets/Models/Greybox/CI_Plant_RoseMarigold_GRB_v1.fbx
  artifactKey: Guid(bc36052a65fd6bd459168d5a8d32b1ae) Importer(815301076,1909f56bfc062723c751e8b465ee728b)
Start importing Assets/Models/Greybox/CI_Plant_RoseMarigold_GRB_v1.fbx using Guid(bc36052a65fd6bd459168d5a8d32b1ae) Importer(815301076,1909f56bfc062723c751e8b465ee728b)  -> (artifact id: 'f44c6742ceb822bf854b3ec90bc44d6d') in 0.028699 seconds
Number of updated asset objects reloaded before import = 0
Number of asset objects unloaded after import = 8
========================================================================
Received Import Request.
  Time since last request: 0.000031 seconds.
  path: Assets/Models/Greybox/CI_BirdPidgeon_GRB_v1.fbx
  artifactKey: Guid(bcfb6e44760d60843a5cd7fdcbd57271) Importer(815301076,1909f56bfc062723c751e8b465ee728b)
Start importing Assets/Models/Greybox/CI_BirdPidgeon_GRB_v1.fbx using Guid(bcfb6e44760d60843a5cd7fdcbd57271) Importer(815301076,1909f56bfc062723c751e8b465ee728b)  -> (artifact id: '5a86178ba1681de332e4166414863c3f') in 0.030876 seconds
Number of updated asset objects reloaded before import = 0
Number of asset objects unloaded after import = 8
========================================================================
Received Import Request.
  Time since last request: 0.000036 seconds.
  path: Assets/Models/Greybox/JR_TrafficConeCylinder_GRB_v3.fbx
  artifactKey: Guid(183d7d67bdb8267468fc90aabf24d139) Importer(815301076,1909f56bfc062723c751e8b465ee728b)
Start importing Assets/Models/Greybox/JR_TrafficConeCylinder_GRB_v3.fbx using Guid(183d7d67bdb8267468fc90aabf24d139) Importer(815301076,1909f56bfc062723c751e8b465ee728b)  -> (artifact id: '976d678626a9b7208ccda76e94952ff3') in 2.714310 seconds
Number of updated asset objects reloaded before import = 0
Number of asset objects unloaded after import = 11
========================================================================
Received Import Request.
  Time since last request: 0.000034 seconds.
  path: Assets/Models/Greybox/LightPole_GRB.fbx
  artifactKey: Guid(3886c47d6d0d3f8489fc19b8714544ce) Importer(815301076,1909f56bfc062723c751e8b465ee728b)
Start importing Assets/Models/Greybox/LightPole_GRB.fbx using Guid(3886c47d6d0d3f8489fc19b8714544ce) Importer(815301076,1909f56bfc062723c751e8b465ee728b)  -> (artifact id: 'ed2231bfe8ce620ba5d90f55038a7c94') in 0.094306 seconds
Number of updated asset objects reloaded before import = 0
Number of asset objects unloaded after import = 26
========================================================================
Received Import Request.
  Time since last request: 70.294842 seconds.
  path: Assets/Models/Greybox/DM_Small_Tree_GRB.fbx
  artifactKey: Guid(e7f8046e6d638504ba13c67e451c2aec) Importer(815301076,1909f56bfc062723c751e8b465ee728b)
Start importing Assets/Models/Greybox/DM_Small_Tree_GRB.fbx using Guid(e7f8046e6d638504ba13c67e451c2aec) Importer(815301076,1909f56bfc062723c751e8b465ee728b)  -> (artifact id: 'bca90d44a552a780ddfd8c041b7bd1c7') in 0.048696 seconds
Number of updated asset objects reloaded before import = 0
Number of asset objects unloaded after import = 10
========================================================================
Received Import Request.
  Time since last request: 0.000027 seconds.
  path: Assets/Models/Greybox/JR_Cones_MOD_V5.fbx
  artifactKey: Guid(33009d3ca29a52c44822321dfeedb547) Importer(815301076,1909f56bfc062723c751e8b465ee728b)
Start importing Assets/Models/Greybox/JR_Cones_MOD_V5.fbx using Guid(33009d3ca29a52c44822321dfeedb547) Importer(815301076,1909f56bfc062723c751e8b465ee728b)  -> (artifact id: '030095ec51bcd9695f4e37ef11c569d8') in 0.136918 seconds
Number of updated asset objects reloaded before import = 0
Number of asset objects unloaded after import = 17
========================================================================
Received Import Request.
  Time since last request: 0.000032 seconds.
  path: Assets/Models/Greybox/JR_TrafficLight_GRB_v1.fbx
  artifactKey: Guid(06ac024c99fdb65488ca701557c83c0c) Importer(815301076,1909f56bfc062723c751e8b465ee728b)
Start importing Assets/Models/Greybox/JR_TrafficLight_GRB_v1.fbx using Guid(06ac024c99fdb65488ca701557c83c0c) Importer(815301076,1909f56bfc062723c751e8b465ee728b)  -> (artifact id: 'fd533ec92d96db676142d2287df46684') in 0.217289 seconds
Number of updated asset objects reloaded before import = 0
Number of asset objects unloaded after import = 48
========================================================================
Received Import Request.
  Time since last request: 0.000064 seconds.
  path: Assets/Models/Greybox/TH_CartCorral_Placer_GRB_v1.fbx
  artifactKey: Guid(5dceda020a0baa942b7ffb343a9d0a5d) Importer(815301076,1909f56bfc062723c751e8b465ee728b)
Start importing Assets/Models/Greybox/TH_CartCorral_Placer_GRB_v1.fbx using Guid(5dceda020a0baa942b7ffb343a9d0a5d) Importer(815301076,1909f56bfc062723c751e8b465ee728b)  -> (artifact id: '1edc440ad636037e6104dddfb3b2c6cf') in 0.289109 seconds
Number of updated asset objects reloaded before import = 0
Number of asset objects unloaded after import = 133
========================================================================
Received Import Request.
  Time since last request: 32.853798 seconds.
  path: Assets/Models/Greybox/EA_window_MOD.fbx
  artifactKey: Guid(16b612fb22e928f4991310aca78f4bbe) Importer(815301076,1909f56bfc062723c751e8b465ee728b)
Start importing Assets/Models/Greybox/EA_window_MOD.fbx using Guid(16b612fb22e928f4991310aca78f4bbe) Importer(815301076,1909f56bfc062723c751e8b465ee728b)  -> (artifact id: '425fe0177a36e8e3c619ed258de9cb1e') in 0.030872 seconds
Number of updated asset objects reloaded before import = 0
Number of asset objects unloaded after import = 8
========================================================================
Received Import Request.
  Time since last request: 11.416564 seconds.
  path: Assets/Models/Greybox/EA_doorWithExtrusion_MOD.fbx
  artifactKey: Guid(55b49f96639665b41bc05d395a93001d) Importer(815301076,1909f56bfc062723c751e8b465ee728b)
Start importing Assets/Models/Greybox/EA_doorWithExtrusion_MOD.fbx using Guid(55b49f96639665b41bc05d395a93001d) Importer(815301076,1909f56bfc062723c751e8b465ee728b)  -> (artifact id: '689015296c45a0821e1710936fe3454d') in 0.021843 seconds
Number of updated asset objects reloaded before import = 0
Number of asset objects unloaded after import = 8
========================================================================
Received Import Request.
  Time since last request: 0.000042 seconds.
  path: Assets/Models/Greybox/EA_signTop_MOD.fbx
  artifactKey: Guid(8b5765583a9a0cc4b95365c75bd7fd3e) Importer(815301076,1909f56bfc062723c751e8b465ee728b)
Start importing Assets/Models/Greybox/EA_signTop_MOD.fbx using Guid(8b5765583a9a0cc4b95365c75bd7fd3e) Importer(815301076,1909f56bfc062723c751e8b465ee728b)  -> (artifact id: 'f7eebb33fff9345a536fcde266777569') in 0.070895 seconds
Number of updated asset objects reloaded before import = 0
Number of asset objects unloaded after import = 18
Editor requested this worker to shutdown with reason: Scaling down because of idle timeout
TcpMessagingSession - receive error: operation aborted. errorcode: 995, details: The I/O operation has been aborted because of either a thread exit or an application request.
AssetImportWorker is now disconnected from the server
Process exiting
Exiting without the bug reporter. Application will terminate with return code 0